2025-11-14 00:05:44 [HikariPool-1:housekeeper] WARN  com.zaxxer.hikari.pool.HikariPool - HikariPool-1 - Thread starvation or clock leap detected (housekeeper delta=20m40s107ms).
2025-11-14 01:00:54 [HikariPool-1:housekeeper] WARN  com.zaxxer.hikari.pool.HikariPool - HikariPool-1 - Thread starvation or clock leap detected (housekeeper delta=54m39s432ms).
2025-11-14 01:30:57 [HikariPool-1:housekeeper] WARN  com.zaxxer.hikari.pool.HikariPool - HikariPool-1 - Thread starvation or clock leap detected (housekeeper delta=29m32s776ms).
2025-11-14 02:01:01 [HikariPool-1:housekeeper] WARN  com.zaxxer.hikari.pool.HikariPool - HikariPool-1 - Thread starvation or clock leap detected (housekeeper delta=28m34s87ms).
2025-11-14 02:31:14 [HikariPool-1:housekeeper] WARN  com.zaxxer.hikari.pool.HikariPool - HikariPool-1 - Thread starvation or clock leap detected (housekeeper delta=30m12s883ms).
2025-11-14 03:07:35 [HikariPool-1:housekeeper] WARN  com.zaxxer.hikari.pool.HikariPool - HikariPool-1 - Thread starvation or clock leap detected (housekeeper delta=35m20s973ms).
2025-11-14 03:31:14 [HikariPool-1:housekeeper] WARN  com.zaxxer.hikari.pool.HikariPool - HikariPool-1 - Thread starvation or clock leap detected (housekeeper delta=23m39s848ms).
2025-11-14 04:16:27 [HikariPool-1:housekeeper] WARN  com.zaxxer.hikari.pool.HikariPool - HikariPool-1 - Thread starvation or clock leap detected (housekeeper delta=44m12s576ms).
2025-11-14 05:08:28 [HikariPool-1:housekeeper] WARN  com.zaxxer.hikari.pool.HikariPool - HikariPool-1 - Thread starvation or clock leap detected (housekeeper delta=52m928ms).
2025-11-14 05:46:54 [HikariPool-1:housekeeper] WARN  com.zaxxer.hikari.pool.HikariPool - HikariPool-1 - Thread starvation or clock leap detected (housekeeper delta=38m26s116ms).
2025-11-14 06:06:01 [HikariPool-1:housekeeper] WARN  com.zaxxer.hikari.pool.HikariPool - HikariPool-1 - Thread starvation or clock leap detected (housekeeper delta=19m7s55ms).
2025-11-14 06:20:01 [HikariPool-1:housekeeper] WARN  com.zaxxer.hikari.pool.HikariPool - HikariPool-1 - Thread starvation or clock leap detected (housekeeper delta=13m29s403ms).
2025-11-14 06:34:35 [HikariPool-1:housekeeper] WARN  com.zaxxer.hikari.pool.HikariPool - HikariPool-1 - Thread starvation or clock leap detected (housekeeper delta=14m34s172ms).
2025-11-14 07:01:03 [HikariPool-1:housekeeper] WARN  com.zaxxer.hikari.pool.HikariPool - HikariPool-1 - Thread starvation or clock leap detected (housekeeper delta=24m28s670ms).
2025-11-14 07:31:14 [HikariPool-1:housekeeper] WARN  com.zaxxer.hikari.pool.HikariPool - HikariPool-1 - Thread starvation or clock leap detected (housekeeper delta=30m10s497ms).
2025-11-14 08:18:58 [HikariPool-1:housekeeper] WARN  com.zaxxer.hikari.pool.HikariPool - HikariPool-1 - Thread starvation or clock leap detected (housekeeper delta=46m43s563ms).
2025-11-14 08:51:30 [HikariPool-1:housekeeper] WARN  com.zaxxer.hikari.pool.HikariPool - HikariPool-1 - Thread starvation or clock leap detected (housekeeper delta=32m32s482ms).
2025-11-14 09:30:04 [HikariPool-1:housekeeper] WARN  com.zaxxer.hikari.pool.HikariPool - HikariPool-1 - Thread starvation or clock leap detected (housekeeper delta=38m34s326ms).
2025-11-14 09:52:39 [HikariPool-1:housekeeper] WARN  com.zaxxer.hikari.pool.HikariPool - HikariPool-1 - Thread starvation or clock leap detected (housekeeper delta=22m34s582ms).
2025-11-14 09:57:49 [HikariPool-1:housekeeper] WARN  com.zaxxer.hikari.pool.HikariPool - HikariPool-1 - Thread starvation or clock leap detected (housekeeper delta=5m9s624ms).
2025-11-14 10:03:37 [http-nio-8081-exec-3] INFO  c.e.u.service.UserServiceImpl - Login attempt by 'shivam'
2025-11-14 10:03:37 [http-nio-8081-exec-3] DEBUG org.hibernate.SQL - select u1_0.id,u1_0.blacklisted,u1_0.password,u1_0.role,u1_0.username from users u1_0 where u1_0.username=?
2025-11-14 10:03:37 [http-nio-8081-exec-3] DEBUG org.hibernate.SQL - select u1_0.id,u1_0.blacklisted,u1_0.password,u1_0.role,u1_0.username from users u1_0 where u1_0.username=?
2025-11-14 10:03:37 [http-nio-8081-exec-3] INFO  c.e.u.service.UserServiceImpl - User 'shivam' logged in successfully
2025-11-14 10:06:33 [http-nio-8081-exec-6] INFO  c.e.u.service.UserServiceImpl - Login attempt by 'bob'
2025-11-14 10:06:33 [http-nio-8081-exec-6] DEBUG org.hibernate.SQL - select u1_0.id,u1_0.blacklisted,u1_0.password,u1_0.role,u1_0.username from users u1_0 where u1_0.username=?
2025-11-14 10:06:33 [http-nio-8081-exec-6] DEBUG org.hibernate.SQL - select u1_0.id,u1_0.blacklisted,u1_0.password,u1_0.role,u1_0.username from users u1_0 where u1_0.username=?
2025-11-14 10:06:33 [http-nio-8081-exec-6] INFO  c.e.u.service.UserServiceImpl - User 'bob' logged in successfully
2025-11-14 10:08:18 [http-nio-8081-exec-8] INFO  c.e.u.service.UserServiceImpl - Register request for username: shivam
2025-11-14 10:08:18 [http-nio-8081-exec-8] DEBUG org.hibernate.SQL - select u1_0.id,u1_0.blacklisted,u1_0.password,u1_0.role,u1_0.username from users u1_0 where u1_0.username=?
2025-11-14 10:08:31 [http-nio-8081-exec-1] DEBUG org.hibernate.SQL - select u1_0.id,u1_0.blacklisted,u1_0.password,u1_0.role,u1_0.username from users u1_0 where u1_0.username=?
2025-11-14 10:08:31 [http-nio-8081-exec-1] INFO  c.e.u.service.UserServiceImpl - Login attempt by 'bob'
2025-11-14 10:08:31 [http-nio-8081-exec-1] DEBUG org.hibernate.SQL - select u1_0.id,u1_0.blacklisted,u1_0.password,u1_0.role,u1_0.username from users u1_0 where u1_0.username=?
2025-11-14 10:08:32 [http-nio-8081-exec-1] DEBUG org.hibernate.SQL - select u1_0.id,u1_0.blacklisted,u1_0.password,u1_0.role,u1_0.username from users u1_0 where u1_0.username=?
2025-11-14 10:08:32 [http-nio-8081-exec-1] INFO  c.e.u.service.UserServiceImpl - User 'bob' logged in successfully
2025-11-14 10:10:39 [http-nio-8081-exec-3] DEBUG org.hibernate.SQL - select u1_0.id,u1_0.blacklisted,u1_0.password,u1_0.role,u1_0.username from users u1_0 where u1_0.username=?
2025-11-14 10:10:39 [http-nio-8081-exec-3] INFO  c.e.u.service.UserServiceImpl - Login attempt by 'shivam'
2025-11-14 10:10:39 [http-nio-8081-exec-3] DEBUG org.hibernate.SQL - select u1_0.id,u1_0.blacklisted,u1_0.password,u1_0.role,u1_0.username from users u1_0 where u1_0.username=?
2025-11-14 10:10:39 [http-nio-8081-exec-3] DEBUG org.hibernate.SQL - select u1_0.id,u1_0.blacklisted,u1_0.password,u1_0.role,u1_0.username from users u1_0 where u1_0.username=?
2025-11-14 10:10:39 [http-nio-8081-exec-3] INFO  c.e.u.service.UserServiceImpl - User 'shivam' logged in successfully
2025-11-14 10:25:19 [http-nio-8081-exec-6] DEBUG org.hibernate.SQL - select u1_0.id,u1_0.blacklisted,u1_0.password,u1_0.role,u1_0.username from users u1_0 where u1_0.username=?
2025-11-14 10:25:19 [http-nio-8081-exec-6] INFO  c.e.u.service.UserServiceImpl - Login attempt by 'shivam'
2025-11-14 10:25:19 [http-nio-8081-exec-6] DEBUG org.hibernate.SQL - select u1_0.id,u1_0.blacklisted,u1_0.password,u1_0.role,u1_0.username from users u1_0 where u1_0.username=?
2025-11-14 10:25:19 [http-nio-8081-exec-6] DEBUG org.hibernate.SQL - select u1_0.id,u1_0.blacklisted,u1_0.password,u1_0.role,u1_0.username from users u1_0 where u1_0.username=?
2025-11-14 10:25:19 [http-nio-8081-exec-6] INFO  c.e.u.service.UserServiceImpl - User 'shivam' logged in successfully
2025-11-14 10:25:58 [http-nio-8081-exec-9] DEBUG org.hibernate.SQL - select u1_0.id,u1_0.blacklisted,u1_0.password,u1_0.role,u1_0.username from users u1_0 where u1_0.id=?
2025-11-14 10:26:16 [http-nio-8081-exec-8] DEBUG org.hibernate.SQL - select u1_0.id,u1_0.blacklisted,u1_0.password,u1_0.role,u1_0.username from users u1_0 where u1_0.id=?
2025-11-14 10:26:32 [http-nio-8081-exec-1] DEBUG org.hibernate.SQL - select u1_0.id,u1_0.blacklisted,u1_0.password,u1_0.role,u1_0.username from users u1_0 where u1_0.id=?
2025-11-14 10:26:32 [http-nio-8081-exec-2] DEBUG org.hibernate.SQL - select u1_0.id,u1_0.blacklisted,u1_0.password,u1_0.role,u1_0.username from users u1_0 where u1_0.id=?
2025-11-14 10:26:32 [http-nio-8081-exec-4] DEBUG org.hibernate.SQL - select u1_0.id,u1_0.blacklisted,u1_0.password,u1_0.role,u1_0.username from users u1_0 where u1_0.id=?
2025-11-14 10:26:32 [http-nio-8081-exec-3] DEBUG org.hibernate.SQL - select u1_0.id,u1_0.blacklisted,u1_0.password,u1_0.role,u1_0.username from users u1_0 where u1_0.id=?
2025-11-14 10:47:21 [SpringApplicationShutdownHook] INFO  o.s.b.w.e.tomcat.GracefulShutdown - Commencing graceful shutdown. Waiting for active requests to complete
2025-11-14 10:47:21 [tomcat-shutdown] INFO  o.s.b.w.e.tomcat.GracefulShutdown - Graceful shutdown complete
2025-11-14 10:47:21 [SpringApplicationShutdownHook] INFO  o.s.o.j.LocalContainerEntityManagerFactoryBean - Closing JPA EntityManagerFactory for persistence unit 'default'
2025-11-14 10:47:21 [SpringApplicationShutdownHook] INFO  com.zaxxer.hikari.HikariDataSource - HikariPool-1 - Shutdown initiated...
2025-11-14 10:47:21 [SpringApplicationShutdownHook] INFO  com.zaxxer.hikari.HikariDataSource - HikariPool-1 - Shutdown completed.
2025-11-14 10:47:35 [main] INFO  c.e.u.UserServiceApplication - Starting UserServiceApplication using Java 21.0.8 with PID 95427 (/Users/shubhamkumar/Desktop/DigitalWalletSystem/user-service/build/classes/java/main started by shubhamkumar in /Users/shubhamkumar/Desktop/DigitalWalletSystem/user-service)
2025-11-14 10:47:35 [main] DEBUG c.e.u.UserServiceApplication - Running with Spring Boot v3.5.7, Spring v6.2.12
2025-11-14 10:47:35 [main] INFO  c.e.u.UserServiceApplication - No active profile set, falling back to 1 default profile: "default"
2025-11-14 10:47:35 [main] INFO  o.s.d.r.c.RepositoryConfigurationDelegate - Bootstrapping Spring Data JPA repositories in DEFAULT mode.
2025-11-14 10:47:35 [main] INFO  o.s.d.r.c.RepositoryConfigurationDelegate - Finished Spring Data repository scanning in 44 ms. Found 1 JPA repository interface.
2025-11-14 10:47:36 [main] INFO  o.s.b.w.e.tomcat.TomcatWebServer - Tomcat initialized with port 8081 (http)
2025-11-14 10:47:36 [main] INFO  o.a.catalina.core.StandardService - Starting service [Tomcat]
2025-11-14 10:47:36 [main] INFO  o.a.catalina.core.StandardEngine - Starting Servlet engine: [Apache Tomcat/10.1.48]
2025-11-14 10:47:36 [main] INFO  o.a.c.c.C.[Tomcat].[localhost].[/] - Initializing Spring embedded WebApplicationContext
2025-11-14 10:47:36 [main] INFO  o.s.b.w.s.c.ServletWebServerApplicationContext - Root WebApplicationContext: initialization completed in 1187 ms
2025-11-14 10:47:36 [main] INFO  o.h.jpa.internal.util.LogHelper - HHH000204: Processing PersistenceUnitInfo [name: default]
2025-11-14 10:47:36 [main] INFO  org.hibernate.Version - HHH000412: Hibernate ORM core version 6.6.33.Final
2025-11-14 10:47:36 [main] INFO  o.h.c.i.RegionFactoryInitiator - HHH000026: Second-level cache disabled
2025-11-14 10:47:36 [main] INFO  o.s.o.j.p.SpringPersistenceUnitInfo - No LoadTimeWeaver setup: ignoring JPA class transformer
2025-11-14 10:47:36 [main] INFO  com.zaxxer.hikari.HikariDataSource - HikariPool-1 - Starting...
2025-11-14 10:47:36 [main] INFO  com.zaxxer.hikari.pool.HikariPool - HikariPool-1 - Added connection com.mysql.cj.jdbc.ConnectionImpl@4a2653a0
2025-11-14 10:47:36 [main] INFO  com.zaxxer.hikari.HikariDataSource - HikariPool-1 - Start completed.
2025-11-14 10:47:36 [main] INFO  o.hibernate.orm.connections.pooling - HHH10001005: Database info:
	Database JDBC URL [Connecting through datasource 'HikariDataSource (HikariPool-1)']
	Database driver: undefined/unknown
	Database version: 9.4
	Autocommit mode: undefined/unknown
	Isolation level: undefined/unknown
	Minimum pool size: undefined/unknown
	Maximum pool size: undefined/unknown
2025-11-14 10:47:37 [main] INFO  o.h.e.t.j.p.i.JtaPlatformInitiator - HHH000489: No JTA platform available (set 'hibernate.transaction.jta.platform' to enable JTA platform integration)
2025-11-14 10:47:37 [main] INFO  o.s.o.j.LocalContainerEntityManagerFactoryBean - Initialized JPA EntityManagerFactory for persistence unit 'default'
2025-11-14 10:47:37 [main] DEBUG c.e.u.security.JwtAuthFilter - Filter 'jwtAuthFilter' configured for use
2025-11-14 10:47:37 [main] INFO  o.s.s.c.a.a.c.InitializeUserDetailsBeanManagerConfigurer$InitializeUserDetailsManagerConfigurer - Global AuthenticationManager configured with UserDetailsService bean with name customUserDetailsService
2025-11-14 10:47:37 [main] WARN  o.s.b.a.o.j.JpaBaseConfiguration$JpaWebConfiguration - spring.jpa.open-in-view is enabled by default. Therefore, database queries may be performed during view rendering. Explicitly configure spring.jpa.open-in-view to disable this warning
2025-11-14 10:47:37 [main] INFO  o.s.b.a.e.web.EndpointLinksResolver - Exposing 2 endpoints beneath base path '/actuator'
2025-11-14 10:47:38 [main] INFO  o.s.b.w.e.tomcat.TomcatWebServer - Tomcat started on port 8081 (http) with context path '/'
2025-11-14 10:47:38 [main] INFO  c.e.u.UserServiceApplication - Started UserServiceApplication in 3.425 seconds (process running for 3.611)
2025-11-14 10:47:53 [http-nio-8081-exec-1] INFO  o.a.c.c.C.[Tomcat].[localhost].[/] - Initializing Spring DispatcherServlet 'dispatcherServlet'
2025-11-14 10:47:53 [http-nio-8081-exec-1] INFO  o.s.web.servlet.DispatcherServlet - Initializing Servlet 'dispatcherServlet'
2025-11-14 10:47:53 [http-nio-8081-exec-1] INFO  o.s.web.servlet.DispatcherServlet - Completed initialization in 3 ms
2025-11-14 10:47:53 [http-nio-8081-exec-1] INFO  c.e.u.service.UserServiceImpl - Register request for username: shivam
2025-11-14 10:47:53 [http-nio-8081-exec-1] DEBUG org.hibernate.SQL - select u1_0.id,u1_0.blacklisted,u1_0.password,u1_0.role,u1_0.username from users u1_0 where u1_0.username=?
2025-11-14 10:47:53 [http-nio-8081-exec-1] DEBUG org.hibernate.SQL - insert into users (blacklisted,password,role,username) values (?,?,?,?)
2025-11-14 10:47:53 [http-nio-8081-exec-1] INFO  c.e.u.service.UserServiceImpl - User 'shivam' registered successfully (ID: 4)
2025-11-14 10:47:58 [http-nio-8081-exec-3] DEBUG org.hibernate.SQL - select u1_0.id,u1_0.blacklisted,u1_0.password,u1_0.role,u1_0.username from users u1_0 where u1_0.username=?
2025-11-14 10:47:58 [http-nio-8081-exec-3] INFO  c.e.u.service.UserServiceImpl - Login attempt by 'shivam'
2025-11-14 10:47:58 [http-nio-8081-exec-3] DEBUG org.hibernate.SQL - select u1_0.id,u1_0.blacklisted,u1_0.password,u1_0.role,u1_0.username from users u1_0 where u1_0.username=?
2025-11-14 10:47:58 [http-nio-8081-exec-3] DEBUG org.hibernate.SQL - select u1_0.id,u1_0.blacklisted,u1_0.password,u1_0.role,u1_0.username from users u1_0 where u1_0.username=?
2025-11-14 10:47:58 [http-nio-8081-exec-3] INFO  c.e.u.service.UserServiceImpl - User 'shivam' logged in successfully
2025-11-14 10:48:46 [http-nio-8081-exec-4] DEBUG org.hibernate.SQL - select u1_0.id,u1_0.blacklisted,u1_0.password,u1_0.role,u1_0.username from users u1_0 where u1_0.id=?
2025-11-14 10:48:47 [http-nio-8081-exec-5] DEBUG org.hibernate.SQL - select u1_0.id,u1_0.blacklisted,u1_0.password,u1_0.role,u1_0.username from users u1_0 where u1_0.id=?
2025-11-14 10:48:48 [http-nio-8081-exec-6] DEBUG org.hibernate.SQL - select u1_0.id,u1_0.blacklisted,u1_0.password,u1_0.role,u1_0.username from users u1_0 where u1_0.id=?
2025-11-14 10:48:51 [http-nio-8081-exec-7] DEBUG org.hibernate.SQL - select u1_0.id,u1_0.blacklisted,u1_0.password,u1_0.role,u1_0.username from users u1_0 where u1_0.id=?
2025-11-14 10:48:52 [http-nio-8081-exec-8] DEBUG org.hibernate.SQL - select u1_0.id,u1_0.blacklisted,u1_0.password,u1_0.role,u1_0.username from users u1_0 where u1_0.id=?
2025-11-14 10:48:57 [http-nio-8081-exec-9] DEBUG org.hibernate.SQL - select u1_0.id,u1_0.blacklisted,u1_0.password,u1_0.role,u1_0.username from users u1_0 where u1_0.id=?
2025-11-14 10:48:57 [http-nio-8081-exec-10] DEBUG org.hibernate.SQL - select u1_0.id,u1_0.blacklisted,u1_0.password,u1_0.role,u1_0.username from users u1_0 where u1_0.id=?
2025-11-14 10:49:03 [http-nio-8081-exec-1] DEBUG org.hibernate.SQL - select u1_0.id,u1_0.blacklisted,u1_0.password,u1_0.role,u1_0.username from users u1_0 where u1_0.id=?
2025-11-14 10:49:03 [http-nio-8081-exec-3] DEBUG org.hibernate.SQL - select u1_0.id,u1_0.blacklisted,u1_0.password,u1_0.role,u1_0.username from users u1_0 where u1_0.id=?
2025-11-14 10:49:03 [http-nio-8081-exec-4] DEBUG org.hibernate.SQL - select u1_0.id,u1_0.blacklisted,u1_0.password,u1_0.role,u1_0.username from users u1_0 where u1_0.id=?
2025-11-14 10:49:03 [http-nio-8081-exec-5] DEBUG org.hibernate.SQL - select u1_0.id,u1_0.blacklisted,u1_0.password,u1_0.role,u1_0.username from users u1_0 where u1_0.id=?
2025-11-14 10:49:10 [http-nio-8081-exec-6] DEBUG org.hibernate.SQL - select u1_0.id,u1_0.blacklisted,u1_0.password,u1_0.role,u1_0.username from users u1_0 where u1_0.id=?
2025-11-14 10:49:10 [http-nio-8081-exec-7] DEBUG org.hibernate.SQL - select u1_0.id,u1_0.blacklisted,u1_0.password,u1_0.role,u1_0.username from users u1_0 where u1_0.id=?
2025-11-14 10:49:10 [http-nio-8081-exec-8] DEBUG org.hibernate.SQL - select u1_0.id,u1_0.blacklisted,u1_0.password,u1_0.role,u1_0.username from users u1_0 where u1_0.id=?
2025-11-14 10:49:10 [http-nio-8081-exec-9] DEBUG org.hibernate.SQL - select u1_0.id,u1_0.blacklisted,u1_0.password,u1_0.role,u1_0.username from users u1_0 where u1_0.id=?
2025-11-14 10:49:56 [http-nio-8081-exec-2] DEBUG org.hibernate.SQL - select u1_0.id,u1_0.blacklisted,u1_0.password,u1_0.role,u1_0.username from users u1_0 where u1_0.username=?
2025-11-14 10:57:05 [http-nio-8081-exec-5] DEBUG org.hibernate.SQL - select u1_0.id,u1_0.blacklisted,u1_0.password,u1_0.role,u1_0.username from users u1_0 where u1_0.username=?
2025-11-14 10:57:05 [http-nio-8081-exec-5] INFO  c.e.u.service.UserServiceImpl - Login attempt by 'shivam'
2025-11-14 10:57:05 [http-nio-8081-exec-5] DEBUG org.hibernate.SQL - select u1_0.id,u1_0.blacklisted,u1_0.password,u1_0.role,u1_0.username from users u1_0 where u1_0.username=?
2025-11-14 10:57:05 [http-nio-8081-exec-5] DEBUG org.hibernate.SQL - select u1_0.id,u1_0.blacklisted,u1_0.password,u1_0.role,u1_0.username from users u1_0 where u1_0.username=?
2025-11-14 10:57:05 [http-nio-8081-exec-5] INFO  c.e.u.service.UserServiceImpl - User 'shivam' logged in successfully
2025-11-14 10:57:39 [http-nio-8081-exec-6] DEBUG org.hibernate.SQL - select u1_0.id,u1_0.blacklisted,u1_0.password,u1_0.role,u1_0.username from users u1_0 where u1_0.id=?
2025-11-14 10:57:46 [http-nio-8081-exec-7] DEBUG org.hibernate.SQL - select u1_0.id,u1_0.blacklisted,u1_0.password,u1_0.role,u1_0.username from users u1_0 where u1_0.id=?
2025-11-14 10:57:52 [http-nio-8081-exec-8] DEBUG org.hibernate.SQL - select u1_0.id,u1_0.blacklisted,u1_0.password,u1_0.role,u1_0.username from users u1_0 where u1_0.id=?
2025-11-14 10:57:55 [http-nio-8081-exec-9] DEBUG org.hibernate.SQL - select u1_0.id,u1_0.blacklisted,u1_0.password,u1_0.role,u1_0.username from users u1_0 where u1_0.id=?
2025-11-14 10:58:01 [http-nio-8081-exec-10] DEBUG org.hibernate.SQL - select u1_0.id,u1_0.blacklisted,u1_0.password,u1_0.role,u1_0.username from users u1_0 where u1_0.id=?
2025-11-14 10:58:01 [http-nio-8081-exec-2] DEBUG org.hibernate.SQL - select u1_0.id,u1_0.blacklisted,u1_0.password,u1_0.role,u1_0.username from users u1_0 where u1_0.id=?
2025-11-14 10:58:01 [http-nio-8081-exec-1] DEBUG org.hibernate.SQL - select u1_0.id,u1_0.blacklisted,u1_0.password,u1_0.role,u1_0.username from users u1_0 where u1_0.id=?
2025-11-14 10:58:01 [http-nio-8081-exec-3] DEBUG org.hibernate.SQL - select u1_0.id,u1_0.blacklisted,u1_0.password,u1_0.role,u1_0.username from users u1_0 where u1_0.id=?
2025-11-14 11:11:14 [http-nio-8081-exec-7] DEBUG org.hibernate.SQL - select u1_0.id,u1_0.blacklisted,u1_0.password,u1_0.role,u1_0.username from users u1_0 where u1_0.username=?
2025-11-14 11:11:14 [http-nio-8081-exec-7] INFO  c.e.u.service.UserServiceImpl - Login attempt by 'shivam'
2025-11-14 11:11:14 [http-nio-8081-exec-7] DEBUG org.hibernate.SQL - select u1_0.id,u1_0.blacklisted,u1_0.password,u1_0.role,u1_0.username from users u1_0 where u1_0.username=?
2025-11-14 11:11:14 [http-nio-8081-exec-7] DEBUG org.hibernate.SQL - select u1_0.id,u1_0.blacklisted,u1_0.password,u1_0.role,u1_0.username from users u1_0 where u1_0.username=?
2025-11-14 11:11:14 [http-nio-8081-exec-7] INFO  c.e.u.service.UserServiceImpl - User 'shivam' logged in successfully
2025-11-14 11:12:15 [http-nio-8081-exec-9] DEBUG org.hibernate.SQL - select u1_0.id,u1_0.blacklisted,u1_0.password,u1_0.role,u1_0.username from users u1_0 where u1_0.id=?
2025-11-14 11:12:17 [http-nio-8081-exec-10] DEBUG org.hibernate.SQL - select u1_0.id,u1_0.blacklisted,u1_0.password,u1_0.role,u1_0.username from users u1_0 where u1_0.id=?
2025-11-14 11:12:17 [http-nio-8081-exec-2] DEBUG org.hibernate.SQL - select u1_0.id,u1_0.blacklisted,u1_0.password,u1_0.role,u1_0.username from users u1_0 where u1_0.id=?
2025-11-14 11:12:20 [http-nio-8081-exec-1] DEBUG org.hibernate.SQL - select u1_0.id,u1_0.blacklisted,u1_0.password,u1_0.role,u1_0.username from users u1_0 where u1_0.id=?
2025-11-14 11:12:29 [http-nio-8081-exec-3] DEBUG org.hibernate.SQL - select u1_0.id,u1_0.blacklisted,u1_0.password,u1_0.role,u1_0.username from users u1_0 where u1_0.id=?
2025-11-14 11:12:37 [http-nio-8081-exec-4] DEBUG org.hibernate.SQL - select u1_0.id,u1_0.blacklisted,u1_0.password,u1_0.role,u1_0.username from users u1_0 where u1_0.id=?
2025-11-14 11:12:41 [http-nio-8081-exec-5] DEBUG org.hibernate.SQL - select u1_0.id,u1_0.blacklisted,u1_0.password,u1_0.role,u1_0.username from users u1_0 where u1_0.id=?
2025-11-14 11:12:48 [http-nio-8081-exec-6] DEBUG org.hibernate.SQL - select u1_0.id,u1_0.blacklisted,u1_0.password,u1_0.role,u1_0.username from users u1_0 where u1_0.id=?
2025-11-14 11:12:48 [http-nio-8081-exec-7] DEBUG org.hibernate.SQL - select u1_0.id,u1_0.blacklisted,u1_0.password,u1_0.role,u1_0.username from users u1_0 where u1_0.id=?
2025-11-14 11:12:48 [http-nio-8081-exec-8] DEBUG org.hibernate.SQL - select u1_0.id,u1_0.blacklisted,u1_0.password,u1_0.role,u1_0.username from users u1_0 where u1_0.id=?
2025-11-14 11:12:48 [http-nio-8081-exec-9] DEBUG org.hibernate.SQL - select u1_0.id,u1_0.blacklisted,u1_0.password,u1_0.role,u1_0.username from users u1_0 where u1_0.id=?
2025-11-14 11:15:05 [http-nio-8081-exec-1] INFO  c.e.u.service.UserServiceImpl - Register request for username: shiv
2025-11-14 11:15:05 [http-nio-8081-exec-1] DEBUG org.hibernate.SQL - select u1_0.id,u1_0.blacklisted,u1_0.password,u1_0.role,u1_0.username from users u1_0 where u1_0.username=?
2025-11-14 11:15:06 [http-nio-8081-exec-1] DEBUG org.hibernate.SQL - insert into users (blacklisted,password,role,username) values (?,?,?,?)
2025-11-14 11:15:06 [http-nio-8081-exec-1] INFO  c.e.u.service.UserServiceImpl - User 'shiv' registered successfully (ID: 5)
2025-11-14 11:15:40 [http-nio-8081-exec-5] INFO  c.e.u.service.UserServiceImpl - Register request for username: shiv
2025-11-14 11:15:40 [http-nio-8081-exec-5] DEBUG org.hibernate.SQL - select u1_0.id,u1_0.blacklisted,u1_0.password,u1_0.role,u1_0.username from users u1_0 where u1_0.username=?
2025-11-14 11:15:53 [http-nio-8081-exec-7] DEBUG org.hibernate.SQL - select u1_0.id,u1_0.blacklisted,u1_0.password,u1_0.role,u1_0.username from users u1_0 where u1_0.username=?
2025-11-14 11:15:53 [http-nio-8081-exec-7] INFO  c.e.u.service.UserServiceImpl - Login attempt by 'shiv'
2025-11-14 11:15:53 [http-nio-8081-exec-7] DEBUG org.hibernate.SQL - select u1_0.id,u1_0.blacklisted,u1_0.password,u1_0.role,u1_0.username from users u1_0 where u1_0.username=?
2025-11-14 11:15:54 [http-nio-8081-exec-7] DEBUG org.hibernate.SQL - select u1_0.id,u1_0.blacklisted,u1_0.password,u1_0.role,u1_0.username from users u1_0 where u1_0.username=?
2025-11-14 11:15:54 [http-nio-8081-exec-7] INFO  c.e.u.service.UserServiceImpl - User 'shiv' logged in successfully
2025-11-14 11:16:51 [http-nio-8081-exec-8] DEBUG org.hibernate.SQL - select u1_0.id,u1_0.blacklisted,u1_0.password,u1_0.role,u1_0.username from users u1_0 where u1_0.username=?
2025-11-14 11:16:51 [http-nio-8081-exec-8] INFO  c.e.u.service.UserServiceImpl - Login attempt by 'shivam'
2025-11-14 11:16:51 [http-nio-8081-exec-8] DEBUG org.hibernate.SQL - select u1_0.id,u1_0.blacklisted,u1_0.password,u1_0.role,u1_0.username from users u1_0 where u1_0.username=?
2025-11-14 11:16:51 [http-nio-8081-exec-8] DEBUG org.hibernate.SQL - select u1_0.id,u1_0.blacklisted,u1_0.password,u1_0.role,u1_0.username from users u1_0 where u1_0.username=?
2025-11-14 11:16:51 [http-nio-8081-exec-8] INFO  c.e.u.service.UserServiceImpl - User 'shivam' logged in successfully
2025-11-14 11:18:55 [http-nio-8081-exec-10] DEBUG org.hibernate.SQL - select u1_0.id,u1_0.blacklisted,u1_0.password,u1_0.role,u1_0.username from users u1_0 where u1_0.id=?
2025-11-14 11:19:55 [SpringApplicationShutdownHook] INFO  o.s.b.w.e.tomcat.GracefulShutdown - Commencing graceful shutdown. Waiting for active requests to complete
2025-11-14 11:19:55 [tomcat-shutdown] INFO  o.s.b.w.e.tomcat.GracefulShutdown - Graceful shutdown complete
2025-11-14 11:19:55 [SpringApplicationShutdownHook] INFO  o.s.o.j.LocalContainerEntityManagerFactoryBean - Closing JPA EntityManagerFactory for persistence unit 'default'
2025-11-14 11:19:55 [SpringApplicationShutdownHook] INFO  com.zaxxer.hikari.HikariDataSource - HikariPool-1 - Shutdown initiated...
2025-11-14 11:19:55 [SpringApplicationShutdownHook] INFO  com.zaxxer.hikari.HikariDataSource - HikariPool-1 - Shutdown completed.
