2025-11-20 00:05:54 [HikariPool-1:housekeeper] WARN  com.zaxxer.hikari.pool.HikariPool - HikariPool-1 - Thread starvation or clock leap detected (housekeeper delta=32m7s585ms).
2025-11-20 00:31:29 [HikariPool-1:housekeeper] WARN  com.zaxxer.hikari.pool.HikariPool - HikariPool-1 - Thread starvation or clock leap detected (housekeeper delta=23m5s202ms).
2025-11-20 01:00:55 [HikariPool-1:housekeeper] WARN  com.zaxxer.hikari.pool.HikariPool - HikariPool-1 - Thread starvation or clock leap detected (housekeeper delta=29m25s918ms).
2025-11-20 01:31:03 [HikariPool-1:housekeeper] WARN  com.zaxxer.hikari.pool.HikariPool - HikariPool-1 - Thread starvation or clock leap detected (housekeeper delta=29m7s936ms).
2025-11-20 02:00:51 [HikariPool-1:housekeeper] WARN  com.zaxxer.hikari.pool.HikariPool - HikariPool-1 - Thread starvation or clock leap detected (housekeeper delta=29m47s681ms).
2025-11-20 02:13:54 [HikariPool-1:housekeeper] WARN  com.zaxxer.hikari.pool.HikariPool - HikariPool-1 - Thread starvation or clock leap detected (housekeeper delta=12m33s141ms).
2025-11-20 02:31:24 [HikariPool-1:housekeeper] WARN  com.zaxxer.hikari.pool.HikariPool - HikariPool-1 - Thread starvation or clock leap detected (housekeeper delta=17m143ms).
2025-11-20 03:00:54 [HikariPool-1:housekeeper] WARN  com.zaxxer.hikari.pool.HikariPool - HikariPool-1 - Thread starvation or clock leap detected (housekeeper delta=28m30s264ms).
2025-11-20 03:31:06 [HikariPool-1:housekeeper] WARN  com.zaxxer.hikari.pool.HikariPool - HikariPool-1 - Thread starvation or clock leap detected (housekeeper delta=30m12s212ms).
2025-11-20 04:01:04 [HikariPool-1:housekeeper] WARN  com.zaxxer.hikari.pool.HikariPool - HikariPool-1 - Thread starvation or clock leap detected (housekeeper delta=28m27s64ms).
2025-11-20 04:29:42 [HikariPool-1:housekeeper] WARN  com.zaxxer.hikari.pool.HikariPool - HikariPool-1 - Thread starvation or clock leap detected (housekeeper delta=28m37s970ms).
2025-11-20 05:01:00 [HikariPool-1:housekeeper] WARN  com.zaxxer.hikari.pool.HikariPool - HikariPool-1 - Thread starvation or clock leap detected (housekeeper delta=30m47s975ms).
2025-11-20 05:20:33 [HikariPool-1:housekeeper] WARN  com.zaxxer.hikari.pool.HikariPool - HikariPool-1 - Thread starvation or clock leap detected (housekeeper delta=19m3s331ms).
2025-11-20 05:36:40 [HikariPool-1:housekeeper] WARN  com.zaxxer.hikari.pool.HikariPool - HikariPool-1 - Thread starvation or clock leap detected (housekeeper delta=16m6s706ms).
2025-11-20 05:40:21 [HikariPool-1:housekeeper] WARN  com.zaxxer.hikari.pool.HikariPool - HikariPool-1 - Thread starvation or clock leap detected (housekeeper delta=3m11s134ms).
2025-11-20 05:55:54 [HikariPool-1:housekeeper] WARN  com.zaxxer.hikari.pool.HikariPool - HikariPool-1 - Thread starvation or clock leap detected (housekeeper delta=15m33s588ms).
2025-11-20 06:15:56 [HikariPool-1:housekeeper] WARN  com.zaxxer.hikari.pool.HikariPool - HikariPool-1 - Thread starvation or clock leap detected (housekeeper delta=20m1s354ms).
2025-11-20 06:30:46 [HikariPool-1:housekeeper] WARN  com.zaxxer.hikari.pool.HikariPool - HikariPool-1 - Thread starvation or clock leap detected (housekeeper delta=12m50s759ms).
2025-11-20 07:01:12 [HikariPool-1:housekeeper] WARN  com.zaxxer.hikari.pool.HikariPool - HikariPool-1 - Thread starvation or clock leap detected (housekeeper delta=29m41s867ms).
2025-11-20 07:19:34 [HikariPool-1:housekeeper] WARN  com.zaxxer.hikari.pool.HikariPool - HikariPool-1 - Thread starvation or clock leap detected (housekeeper delta=18m22s146ms).
2025-11-20 07:31:28 [HikariPool-1:housekeeper] WARN  com.zaxxer.hikari.pool.HikariPool - HikariPool-1 - Thread starvation or clock leap detected (housekeeper delta=11m53s453ms).
2025-11-20 08:01:10 [HikariPool-1:housekeeper] WARN  com.zaxxer.hikari.pool.HikariPool - HikariPool-1 - Thread starvation or clock leap detected (housekeeper delta=29m42s674ms).
2025-11-20 08:17:14 [HikariPool-1:housekeeper] WARN  com.zaxxer.hikari.pool.HikariPool - HikariPool-1 - Thread starvation or clock leap detected (housekeeper delta=16m4s207ms).
2025-11-20 08:31:25 [HikariPool-1:housekeeper] WARN  com.zaxxer.hikari.pool.HikariPool - HikariPool-1 - Thread starvation or clock leap detected (housekeeper delta=14m10s822ms).
2025-11-20 08:48:46 [HikariPool-1:housekeeper] WARN  com.zaxxer.hikari.pool.HikariPool - HikariPool-1 - Thread starvation or clock leap detected (housekeeper delta=17m20s365ms).
2025-11-20 09:31:59 [HikariPool-1:housekeeper] WARN  com.zaxxer.hikari.pool.HikariPool - HikariPool-1 - Thread starvation or clock leap detected (housekeeper delta=43m12s974ms).
2025-11-20 09:41:02 [HikariPool-1:housekeeper] WARN  com.zaxxer.hikari.pool.HikariPool - HikariPool-1 - Thread starvation or clock leap detected (housekeeper delta=9m3s194ms).
2025-11-20 09:47:34 [HikariPool-1:housekeeper] WARN  com.zaxxer.hikari.pool.HikariPool - HikariPool-1 - Thread starvation or clock leap detected (housekeeper delta=6m2s721ms).
2025-11-20 09:48:29 [SpringApplicationShutdownHook] INFO  o.s.b.w.e.tomcat.GracefulShutdown - Commencing graceful shutdown. Waiting for active requests to complete
2025-11-20 09:48:29 [tomcat-shutdown] INFO  o.s.b.w.e.tomcat.GracefulShutdown - Graceful shutdown complete
2025-11-20 09:48:29 [SpringApplicationShutdownHook] INFO  o.s.o.j.LocalContainerEntityManagerFactoryBean - Closing JPA EntityManagerFactory for persistence unit 'default'
2025-11-20 09:48:29 [SpringApplicationShutdownHook] INFO  com.zaxxer.hikari.HikariDataSource - HikariPool-1 - Shutdown initiated...
2025-11-20 09:48:29 [SpringApplicationShutdownHook] INFO  com.zaxxer.hikari.HikariDataSource - HikariPool-1 - Shutdown completed.
2025-11-20 11:04:18 [main] INFO  c.e.w.WalletServiceApplication - Starting WalletServiceApplication using Java 21.0.8 with PID 51374 (/Users/shubhamkumar/Desktop/DigitalWalletSystem/wallet-service/build/classes/java/main started by shubhamkumar in /Users/shubhamkumar/Desktop/DigitalWalletSystem/wallet-service)
2025-11-20 11:04:18 [main] DEBUG c.e.w.WalletServiceApplication - Running with Spring Boot v3.5.7, Spring v6.2.12
2025-11-20 11:04:18 [main] INFO  c.e.w.WalletServiceApplication - No active profile set, falling back to 1 default profile: "default"
2025-11-20 11:04:19 [main] INFO  o.s.d.r.c.RepositoryConfigurationDelegate - Bootstrapping Spring Data JPA repositories in DEFAULT mode.
2025-11-20 11:04:19 [main] INFO  o.s.d.r.c.RepositoryConfigurationDelegate - Finished Spring Data repository scanning in 54 ms. Found 2 JPA repository interfaces.
2025-11-20 11:04:19 [main] INFO  o.s.b.w.e.tomcat.TomcatWebServer - Tomcat initialized with port 8082 (http)
2025-11-20 11:04:19 [main] INFO  o.a.catalina.core.StandardService - Starting service [Tomcat]
2025-11-20 11:04:19 [main] INFO  o.a.catalina.core.StandardEngine - Starting Servlet engine: [Apache Tomcat/10.1.48]
2025-11-20 11:04:19 [main] INFO  o.a.c.c.C.[Tomcat].[localhost].[/] - Initializing Spring embedded WebApplicationContext
2025-11-20 11:04:19 [main] INFO  o.s.b.w.s.c.ServletWebServerApplicationContext - Root WebApplicationContext: initialization completed in 871 ms
2025-11-20 11:04:19 [main] DEBUG c.e.w.security.JwtAuthFilter - Filter 'jwtAuthFilter' configured for use
2025-11-20 11:04:19 [main] INFO  o.h.jpa.internal.util.LogHelper - HHH000204: Processing PersistenceUnitInfo [name: default]
2025-11-20 11:04:19 [main] INFO  org.hibernate.Version - HHH000412: Hibernate ORM core version 6.6.33.Final
2025-11-20 11:04:19 [main] INFO  o.h.c.i.RegionFactoryInitiator - HHH000026: Second-level cache disabled
2025-11-20 11:04:19 [main] INFO  o.s.o.j.p.SpringPersistenceUnitInfo - No LoadTimeWeaver setup: ignoring JPA class transformer
2025-11-20 11:04:19 [main] INFO  com.zaxxer.hikari.HikariDataSource - HikariPool-1 - Starting...
2025-11-20 11:04:20 [main] INFO  com.zaxxer.hikari.pool.HikariPool - HikariPool-1 - Added connection com.mysql.cj.jdbc.ConnectionImpl@74a5bef0
2025-11-20 11:04:20 [main] INFO  com.zaxxer.hikari.HikariDataSource - HikariPool-1 - Start completed.
2025-11-20 11:04:20 [main] INFO  o.hibernate.orm.connections.pooling - HHH10001005: Database info:
	Database JDBC URL [Connecting through datasource 'HikariDataSource (HikariPool-1)']
	Database driver: undefined/unknown
	Database version: 9.4
	Autocommit mode: undefined/unknown
	Isolation level: undefined/unknown
	Minimum pool size: undefined/unknown
	Maximum pool size: undefined/unknown
2025-11-20 11:04:20 [main] INFO  o.h.e.t.j.p.i.JtaPlatformInitiator - HHH000489: No JTA platform available (set 'hibernate.transaction.jta.platform' to enable JTA platform integration)
2025-11-20 11:04:20 [main] INFO  o.s.o.j.LocalContainerEntityManagerFactoryBean - Initialized JPA EntityManagerFactory for persistence unit 'default'
2025-11-20 11:04:21 [main] INFO  o.s.d.j.r.query.QueryEnhancerFactory - Hibernate is in classpath; If applicable, HQL parser will be used.
2025-11-20 11:04:21 [main] WARN  o.s.b.a.o.j.JpaBaseConfiguration$JpaWebConfiguration - spring.jpa.open-in-view is enabled by default. Therefore, database queries may be performed during view rendering. Explicitly configure spring.jpa.open-in-view to disable this warning
2025-11-20 11:04:21 [main] WARN  o.s.b.a.s.s.UserDetailsServiceAutoConfiguration - 

Using generated security password: 7abe9705-d792-4db7-a7f8-eb5c97ad2571

This generated password is for development use only. Your security configuration must be updated before running your application in production.

2025-11-20 11:04:21 [main] INFO  o.s.s.c.a.a.c.InitializeUserDetailsBeanManagerConfigurer$InitializeUserDetailsManagerConfigurer - Global AuthenticationManager configured with UserDetailsService bean with name inMemoryUserDetailsManager
2025-11-20 11:04:22 [main] INFO  o.s.b.w.e.tomcat.TomcatWebServer - Tomcat started on port 8082 (http) with context path '/'
2025-11-20 11:04:22 [main] INFO  c.e.w.WalletServiceApplication - Started WalletServiceApplication in 4.122 seconds (process running for 4.317)
2025-11-20 11:04:55 [http-nio-8082-exec-1] INFO  o.a.c.c.C.[Tomcat].[localhost].[/] - Initializing Spring DispatcherServlet 'dispatcherServlet'
2025-11-20 11:04:55 [http-nio-8082-exec-1] INFO  o.s.web.servlet.DispatcherServlet - Initializing Servlet 'dispatcherServlet'
2025-11-20 11:04:55 [http-nio-8082-exec-1] INFO  o.s.web.servlet.DispatcherServlet - Completed initialization in 3 ms
2025-11-20 11:04:55 [http-nio-8082-exec-1] DEBUG org.hibernate.SQL - insert into wallets (balance,blacklisted,user_id,version,wallet_name) values (?,?,?,?,?)
2025-11-20 11:06:34 [http-nio-8082-exec-4] INFO  c.e.w.s.walletService.WalletService - Fetching wallet by ID: 4
2025-11-20 11:06:34 [http-nio-8082-exec-4] DEBUG org.hibernate.SQL - select w1_0.id,w1_0.balance,w1_0.blacklisted,w1_0.user_id,w1_0.version,w1_0.wallet_name from wallets w1_0 where w1_0.id=?
2025-11-20 11:06:34 [http-nio-8082-exec-4] DEBUG c.e.w.s.walletService.WalletService - Wallet found: com.example.wallet_service.model.wallet.Wallet@2caaf09a
2025-11-20 11:06:34 [http-nio-8082-exec-4] INFO  c.e.w.s.walletService.WalletService - Credit request - walletId: 4, amount: 1000, description: fine
2025-11-20 11:06:34 [http-nio-8082-exec-4] DEBUG c.e.w.s.t.TransactionService - Checking limits for wallet 4 [CREDIT]: 2025-11-19T18:30 - 2025-11-20T18:29:59.999999999
2025-11-20 11:06:34 [http-nio-8082-exec-4] DEBUG org.hibernate.SQL - select coalesce(sum(t1_0.amount),0) from transactions t1_0 where t1_0.wallet_id=? and t1_0.type=? and t1_0.timestamp between ? and ?
2025-11-20 11:06:34 [http-nio-8082-exec-4] DEBUG org.hibernate.SQL - select coalesce(sum(t1_0.amount),0) from transactions t1_0 where t1_0.wallet_id=? and t1_0.type=? and t1_0.timestamp between ? and ?
2025-11-20 11:06:34 [http-nio-8082-exec-4] INFO  c.e.w.s.t.TransactionService - CREDIT transaction within limits. Daily total: 0.00000, Monthly total: 0.00000
2025-11-20 11:06:34 [http-nio-8082-exec-4] DEBUG org.hibernate.SQL - insert into transactions (amount,description,timestamp,type,wallet_id) values (?,?,?,?,?)
2025-11-20 11:06:34 [http-nio-8082-exec-4] INFO  c.e.w.s.walletService.WalletService - Credit successful - walletId: 4, new balance: 51000.00000
2025-11-20 11:06:34 [http-nio-8082-exec-4] DEBUG org.hibernate.SQL - update wallets set balance=?,blacklisted=?,user_id=?,version=?,wallet_name=? where id=? and version=?
2025-11-20 11:06:39 [http-nio-8082-exec-6] INFO  c.e.w.s.walletService.WalletService - Fetching wallet by ID: 4
2025-11-20 11:06:39 [http-nio-8082-exec-6] DEBUG org.hibernate.SQL - select w1_0.id,w1_0.balance,w1_0.blacklisted,w1_0.user_id,w1_0.version,w1_0.wallet_name from wallets w1_0 where w1_0.id=?
2025-11-20 11:06:39 [http-nio-8082-exec-6] DEBUG c.e.w.s.walletService.WalletService - Wallet found: com.example.wallet_service.model.wallet.Wallet@643ce103
2025-11-20 11:06:39 [http-nio-8082-exec-6] INFO  c.e.w.s.walletService.WalletService - Debit request - walletId: 4, amount: 1000, description: fine
2025-11-20 11:06:39 [http-nio-8082-exec-6] DEBUG c.e.w.s.t.TransactionService - Checking limits for wallet 4 [DEBIT]: 2025-11-19T18:30 - 2025-11-20T18:29:59.999999999
2025-11-20 11:06:39 [http-nio-8082-exec-6] DEBUG org.hibernate.SQL - select coalesce(sum(t1_0.amount),0) from transactions t1_0 where t1_0.wallet_id=? and t1_0.type=? and t1_0.timestamp between ? and ?
2025-11-20 11:06:39 [http-nio-8082-exec-6] DEBUG org.hibernate.SQL - select coalesce(sum(t1_0.amount),0) from transactions t1_0 where t1_0.wallet_id=? and t1_0.type=? and t1_0.timestamp between ? and ?
2025-11-20 11:06:39 [http-nio-8082-exec-6] INFO  c.e.w.s.t.TransactionService - DEBIT transaction within limits. Daily total: 0.00000, Monthly total: 0.00000
2025-11-20 11:06:39 [http-nio-8082-exec-6] DEBUG org.hibernate.SQL - insert into transactions (amount,description,timestamp,type,wallet_id) values (?,?,?,?,?)
2025-11-20 11:06:39 [http-nio-8082-exec-6] INFO  c.e.w.s.walletService.WalletService - Debit successful - walletId: 4, new balance: 50000.00000
2025-11-20 11:06:39 [http-nio-8082-exec-6] DEBUG org.hibernate.SQL - update wallets set balance=?,blacklisted=?,user_id=?,version=?,wallet_name=? where id=? and version=?
2025-11-20 11:06:42 [http-nio-8082-exec-7] INFO  c.e.w.s.walletService.WalletService - Fetching wallet by ID: 4
2025-11-20 11:06:42 [http-nio-8082-exec-7] DEBUG org.hibernate.SQL - select w1_0.id,w1_0.balance,w1_0.blacklisted,w1_0.user_id,w1_0.version,w1_0.wallet_name from wallets w1_0 where w1_0.id=?
2025-11-20 11:06:42 [http-nio-8082-exec-7] DEBUG c.e.w.s.walletService.WalletService - Wallet found: com.example.wallet_service.model.wallet.Wallet@77ea3da1
2025-11-20 11:06:42 [http-nio-8082-exec-7] INFO  c.e.w.s.walletService.WalletService - Transfer request: fromWallet=4, toWallet=1, amount=100
2025-11-20 11:06:42 [http-nio-8082-exec-7] DEBUG org.hibernate.SQL - select w1_0.id,w1_0.balance,w1_0.blacklisted,w1_0.user_id,w1_0.version,w1_0.wallet_name from wallets w1_0 where w1_0.id=?
2025-11-20 11:06:42 [http-nio-8082-exec-7] INFO  c.e.w.s.walletService.WalletService - Debit request - walletId: 4, amount: 100, description: fine
2025-11-20 11:06:42 [http-nio-8082-exec-7] DEBUG c.e.w.s.t.TransactionService - Checking limits for wallet 4 [DEBIT]: 2025-11-19T18:30 - 2025-11-20T18:29:59.999999999
2025-11-20 11:06:42 [http-nio-8082-exec-7] DEBUG org.hibernate.SQL - select coalesce(sum(t1_0.amount),0) from transactions t1_0 where t1_0.wallet_id=? and t1_0.type=? and t1_0.timestamp between ? and ?
2025-11-20 11:06:42 [http-nio-8082-exec-7] DEBUG org.hibernate.SQL - select coalesce(sum(t1_0.amount),0) from transactions t1_0 where t1_0.wallet_id=? and t1_0.type=? and t1_0.timestamp between ? and ?
2025-11-20 11:06:42 [http-nio-8082-exec-7] INFO  c.e.w.s.t.TransactionService - DEBIT transaction within limits. Daily total: 1000.00000, Monthly total: 1000.00000
2025-11-20 11:06:42 [http-nio-8082-exec-7] DEBUG org.hibernate.SQL - insert into transactions (amount,description,timestamp,type,wallet_id) values (?,?,?,?,?)
2025-11-20 11:06:42 [http-nio-8082-exec-7] INFO  c.e.w.s.walletService.WalletService - Debit successful - walletId: 4, new balance: 49900.00000
2025-11-20 11:06:42 [http-nio-8082-exec-7] INFO  c.e.w.s.walletService.WalletService - Credit request - walletId: 1, amount: 100, description: fine
2025-11-20 11:06:42 [http-nio-8082-exec-7] DEBUG c.e.w.s.t.TransactionService - Checking limits for wallet 1 [CREDIT]: 2025-11-19T18:30 - 2025-11-20T18:29:59.999999999
2025-11-20 11:06:42 [http-nio-8082-exec-7] DEBUG org.hibernate.SQL - select coalesce(sum(t1_0.amount),0) from transactions t1_0 where t1_0.wallet_id=? and t1_0.type=? and t1_0.timestamp between ? and ?
2025-11-20 11:06:42 [http-nio-8082-exec-7] DEBUG org.hibernate.SQL - select coalesce(sum(t1_0.amount),0) from transactions t1_0 where t1_0.wallet_id=? and t1_0.type=? and t1_0.timestamp between ? and ?
2025-11-20 11:06:42 [http-nio-8082-exec-7] INFO  c.e.w.s.t.TransactionService - CREDIT transaction within limits. Daily total: 100.00000, Monthly total: 100.00000
2025-11-20 11:06:42 [http-nio-8082-exec-7] DEBUG org.hibernate.SQL - insert into transactions (amount,description,timestamp,type,wallet_id) values (?,?,?,?,?)
2025-11-20 11:06:42 [http-nio-8082-exec-7] INFO  c.e.w.s.walletService.WalletService - Credit successful - walletId: 1, new balance: 600.00000
2025-11-20 11:06:42 [http-nio-8082-exec-7] INFO  c.e.w.s.walletService.WalletService - Transfer completed: fromWallet=4 → toWallet=1 amount=100
2025-11-20 11:06:42 [http-nio-8082-exec-7] DEBUG org.hibernate.SQL - update wallets set balance=?,blacklisted=?,user_id=?,version=?,wallet_name=? where id=? and version=?
2025-11-20 11:06:42 [http-nio-8082-exec-7] DEBUG org.hibernate.SQL - update wallets set balance=?,blacklisted=?,user_id=?,version=?,wallet_name=? where id=? and version=?
2025-11-20 11:06:46 [http-nio-8082-exec-8] INFO  c.e.w.s.walletService.WalletService - Fetching wallet by ID: 4
2025-11-20 11:06:46 [http-nio-8082-exec-8] DEBUG org.hibernate.SQL - select w1_0.id,w1_0.balance,w1_0.blacklisted,w1_0.user_id,w1_0.version,w1_0.wallet_name from wallets w1_0 where w1_0.id=?
2025-11-20 11:06:46 [http-nio-8082-exec-8] DEBUG c.e.w.s.walletService.WalletService - Wallet found: com.example.wallet_service.model.wallet.Wallet@673e8036
2025-11-20 11:06:46 [http-nio-8082-exec-8] INFO  c.e.w.s.walletService.WalletService - Fetching balance for wallet ID: 4
2025-11-20 11:06:46 [http-nio-8082-exec-8] DEBUG c.e.w.s.walletService.WalletService - Current balance for wallet 4 is 49900.00000
2025-11-20 11:06:50 [http-nio-8082-exec-9] INFO  c.e.w.s.walletService.WalletService - Fetching wallet by ID: 4
2025-11-20 11:06:50 [http-nio-8082-exec-9] DEBUG org.hibernate.SQL - select w1_0.id,w1_0.balance,w1_0.blacklisted,w1_0.user_id,w1_0.version,w1_0.wallet_name from wallets w1_0 where w1_0.id=?
2025-11-20 11:06:50 [http-nio-8082-exec-9] DEBUG c.e.w.s.walletService.WalletService - Wallet found: com.example.wallet_service.model.wallet.Wallet@4abb8523
2025-11-20 11:06:50 [http-nio-8082-exec-9] INFO  c.e.w.s.t.TransactionService - Fetching transactions for wallet ID 4
2025-11-20 11:06:50 [http-nio-8082-exec-9] DEBUG org.hibernate.SQL - select t1_0.id,t1_0.amount,t1_0.description,t1_0.timestamp,t1_0.type,t1_0.wallet_id from transactions t1_0 left join wallets w1_0 on w1_0.id=t1_0.wallet_id where w1_0.id=?
2025-11-20 11:06:54 [http-nio-8082-exec-10] INFO  c.e.w.s.walletService.WalletService - Fetching wallet by ID: 4
2025-11-20 11:06:54 [http-nio-8082-exec-10] DEBUG org.hibernate.SQL - select w1_0.id,w1_0.balance,w1_0.blacklisted,w1_0.user_id,w1_0.version,w1_0.wallet_name from wallets w1_0 where w1_0.id=?
2025-11-20 11:06:54 [http-nio-8082-exec-10] DEBUG c.e.w.s.walletService.WalletService - Wallet found: com.example.wallet_service.model.wallet.Wallet@4738c87b
2025-11-20 11:06:54 [http-nio-8082-exec-10] INFO  c.e.w.s.t.TransactionService - Fetching transaction history:  walletId=4, type=CREDIT, start=01-11-2025, end=19-11-2025, page=0, size=4
2025-11-20 11:06:54 [http-nio-8082-exec-10] DEBUG org.hibernate.SQL - select t1_0.id,t1_0.amount,t1_0.description,t1_0.timestamp,t1_0.type,t1_0.wallet_id from transactions t1_0 join wallets w1_0 on w1_0.id=t1_0.wallet_id where (? is null or w1_0.id=?) and (? is null or t1_0.type=?) and (? is null or t1_0.timestamp>=?) and (? is null or t1_0.timestamp<=?) order by t1_0.timestamp desc limit ?
2025-11-20 11:06:59 [http-nio-8082-exec-2] INFO  c.e.w.s.t.TransactionService - Fetching transactions for user 4 from 01-11-2025 to 18-11-2025 with type null
2025-11-20 11:06:59 [http-nio-8082-exec-2] DEBUG org.hibernate.SQL - select t1_0.id,t1_0.amount,t1_0.description,t1_0.timestamp,t1_0.type,t1_0.wallet_id from transactions t1_0 join wallets w1_0 on w1_0.id=t1_0.wallet_id where w1_0.user_id=? and t1_0.timestamp between ? and ? and (? is null or t1_0.type=?) order by t1_0.timestamp desc
2025-11-20 11:07:03 [http-nio-8082-exec-1] INFO  c.e.w.s.t.TransactionService - Fetching transaction by ID: 4
2025-11-20 11:07:03 [http-nio-8082-exec-1] DEBUG org.hibernate.SQL - select t1_0.id,t1_0.amount,t1_0.description,t1_0.timestamp,t1_0.type,t1_0.wallet_id from transactions t1_0 where t1_0.id=?
2025-11-20 11:07:03 [http-nio-8082-exec-1] DEBUG c.e.w.s.t.TransactionService - Transaction found: Transaction{id=4, amount=1000.00000, type=CREDIT, description='fine', timestamp=2025-11-20T05:36:34.906471}
2025-11-20 11:07:03 [http-nio-8082-exec-1] DEBUG org.hibernate.SQL - select w1_0.id,w1_0.balance,w1_0.blacklisted,w1_0.user_id,w1_0.version,w1_0.wallet_name from wallets w1_0 where w1_0.id=?
2025-11-20 11:16:14 [SpringApplicationShutdownHook] INFO  o.s.b.w.e.tomcat.GracefulShutdown - Commencing graceful shutdown. Waiting for active requests to complete
2025-11-20 11:16:14 [tomcat-shutdown] INFO  o.s.b.w.e.tomcat.GracefulShutdown - Graceful shutdown complete
2025-11-20 11:16:14 [SpringApplicationShutdownHook] INFO  o.s.o.j.LocalContainerEntityManagerFactoryBean - Closing JPA EntityManagerFactory for persistence unit 'default'
2025-11-20 11:16:14 [SpringApplicationShutdownHook] INFO  com.zaxxer.hikari.HikariDataSource - HikariPool-1 - Shutdown initiated...
2025-11-20 11:16:14 [SpringApplicationShutdownHook] INFO  com.zaxxer.hikari.HikariDataSource - HikariPool-1 - Shutdown completed.
2025-11-20 11:16:19 [main] INFO  c.e.w.WalletServiceApplication - Starting WalletServiceApplication using Java 21.0.8 with PID 51992 (/Users/shubhamkumar/Desktop/DigitalWalletSystem/wallet-service/build/classes/java/main started by shubhamkumar in /Users/shubhamkumar/Desktop/DigitalWalletSystem/wallet-service)
2025-11-20 11:16:19 [main] DEBUG c.e.w.WalletServiceApplication - Running with Spring Boot v3.5.7, Spring v6.2.12
2025-11-20 11:16:19 [main] INFO  c.e.w.WalletServiceApplication - No active profile set, falling back to 1 default profile: "default"
2025-11-20 11:16:20 [main] INFO  o.s.d.r.c.RepositoryConfigurationDelegate - Bootstrapping Spring Data JPA repositories in DEFAULT mode.
2025-11-20 11:16:20 [main] INFO  o.s.d.r.c.RepositoryConfigurationDelegate - Finished Spring Data repository scanning in 59 ms. Found 2 JPA repository interfaces.
2025-11-20 11:16:20 [main] INFO  o.s.b.w.e.tomcat.TomcatWebServer - Tomcat initialized with port 8082 (http)
2025-11-20 11:16:20 [main] INFO  o.a.catalina.core.StandardService - Starting service [Tomcat]
2025-11-20 11:16:20 [main] INFO  o.a.catalina.core.StandardEngine - Starting Servlet engine: [Apache Tomcat/10.1.48]
2025-11-20 11:16:20 [main] INFO  o.a.c.c.C.[Tomcat].[localhost].[/] - Initializing Spring embedded WebApplicationContext
2025-11-20 11:16:20 [main] INFO  o.s.b.w.s.c.ServletWebServerApplicationContext - Root WebApplicationContext: initialization completed in 860 ms
2025-11-20 11:16:20 [main] DEBUG c.e.w.security.JwtAuthFilter - Filter 'jwtAuthFilter' configured for use
2025-11-20 11:16:20 [main] INFO  o.h.jpa.internal.util.LogHelper - HHH000204: Processing PersistenceUnitInfo [name: default]
2025-11-20 11:16:20 [main] INFO  org.hibernate.Version - HHH000412: Hibernate ORM core version 6.6.33.Final
2025-11-20 11:16:20 [main] INFO  o.h.c.i.RegionFactoryInitiator - HHH000026: Second-level cache disabled
2025-11-20 11:16:21 [main] INFO  o.s.o.j.p.SpringPersistenceUnitInfo - No LoadTimeWeaver setup: ignoring JPA class transformer
2025-11-20 11:16:21 [main] INFO  com.zaxxer.hikari.HikariDataSource - HikariPool-1 - Starting...
2025-11-20 11:16:21 [main] INFO  com.zaxxer.hikari.pool.HikariPool - HikariPool-1 - Added connection com.mysql.cj.jdbc.ConnectionImpl@145fe8ab
2025-11-20 11:16:21 [main] INFO  com.zaxxer.hikari.HikariDataSource - HikariPool-1 - Start completed.
2025-11-20 11:16:21 [main] INFO  o.hibernate.orm.connections.pooling - HHH10001005: Database info:
	Database JDBC URL [Connecting through datasource 'HikariDataSource (HikariPool-1)']
	Database driver: undefined/unknown
	Database version: 9.4
	Autocommit mode: undefined/unknown
	Isolation level: undefined/unknown
	Minimum pool size: undefined/unknown
	Maximum pool size: undefined/unknown
2025-11-20 11:16:21 [main] INFO  o.h.e.t.j.p.i.JtaPlatformInitiator - HHH000489: No JTA platform available (set 'hibernate.transaction.jta.platform' to enable JTA platform integration)
2025-11-20 11:16:21 [main] INFO  o.s.o.j.LocalContainerEntityManagerFactoryBean - Initialized JPA EntityManagerFactory for persistence unit 'default'
2025-11-20 11:16:21 [main] INFO  o.s.d.j.r.query.QueryEnhancerFactory - Hibernate is in classpath; If applicable, HQL parser will be used.
2025-11-20 11:16:22 [main] WARN  o.s.b.w.s.c.AnnotationConfigServletWebServerApplicationContext - Exception encountered during context initialization - cancelling refresh attempt: org.springframework.beans.factory.UnsatisfiedDependencyException: Error creating bean with name 'walletAdminController' defined in file [/Users/shubhamkumar/Desktop/DigitalWalletSystem/wallet-service/build/classes/java/main/com/example/wallet_service/controller/admin/WalletAdminController.class]: Unsatisfied dependency expressed through constructor parameter 0: Error creating bean with name 'walletService' defined in file [/Users/shubhamkumar/Desktop/DigitalWalletSystem/wallet-service/build/classes/java/main/com/example/wallet_service/service/walletService/WalletService.class]: Unsatisfied dependency expressed through constructor parameter 3: Error creating bean with name 'transactionService' defined in file [/Users/shubhamkumar/Desktop/DigitalWalletSystem/wallet-service/build/classes/java/main/com/example/wallet_service/service/transactionService/TransactionService.class]: Unsatisfied dependency expressed through constructor parameter 3: Error creating bean with name 'walletService': Requested bean is currently in creation: Is there an unresolvable circular reference or an asynchronous initialization dependency?
2025-11-20 11:16:22 [main] INFO  o.s.o.j.LocalContainerEntityManagerFactoryBean - Closing JPA EntityManagerFactory for persistence unit 'default'
2025-11-20 11:16:22 [main] INFO  com.zaxxer.hikari.HikariDataSource - HikariPool-1 - Shutdown initiated...
2025-11-20 11:16:22 [main] INFO  com.zaxxer.hikari.HikariDataSource - HikariPool-1 - Shutdown completed.
2025-11-20 11:16:22 [main] INFO  o.a.catalina.core.StandardService - Stopping service [Tomcat]
2025-11-20 11:16:22 [main] INFO  o.s.b.a.l.ConditionEvaluationReportLogger - 

Error starting ApplicationContext. To display the condition evaluation report re-run your application with 'debug' enabled.
2025-11-20 11:16:22 [main] ERROR o.s.b.d.LoggingFailureAnalysisReporter - 

***************************
APPLICATION FAILED TO START
***************************

Description:

The dependencies of some of the beans in the application context form a cycle:

   walletAdminController defined in file [/Users/shubhamkumar/Desktop/DigitalWalletSystem/wallet-service/build/classes/java/main/com/example/wallet_service/controller/admin/WalletAdminController.class]
┌─────┐
|  walletService defined in file [/Users/shubhamkumar/Desktop/DigitalWalletSystem/wallet-service/build/classes/java/main/com/example/wallet_service/service/walletService/WalletService.class]
↑     ↓
|  transactionService defined in file [/Users/shubhamkumar/Desktop/DigitalWalletSystem/wallet-service/build/classes/java/main/com/example/wallet_service/service/transactionService/TransactionService.class]
└─────┘


Action:

Relying upon circular references is discouraged and they are prohibited by default. Update your application to remove the dependency cycle between beans. As a last resort, it may be possible to break the cycle automatically by setting spring.main.allow-circular-references to true.

2025-11-20 11:22:37 [main] INFO  c.e.w.WalletServiceApplication - Starting WalletServiceApplication using Java 21.0.8 with PID 52297 (/Users/shubhamkumar/Desktop/DigitalWalletSystem/wallet-service/build/classes/java/main started by shubhamkumar in /Users/shubhamkumar/Desktop/DigitalWalletSystem/wallet-service)
2025-11-20 11:22:37 [main] DEBUG c.e.w.WalletServiceApplication - Running with Spring Boot v3.5.7, Spring v6.2.12
2025-11-20 11:22:37 [main] INFO  c.e.w.WalletServiceApplication - No active profile set, falling back to 1 default profile: "default"
2025-11-20 11:22:38 [main] INFO  o.s.d.r.c.RepositoryConfigurationDelegate - Bootstrapping Spring Data JPA repositories in DEFAULT mode.
2025-11-20 11:22:38 [main] INFO  o.s.d.r.c.RepositoryConfigurationDelegate - Finished Spring Data repository scanning in 41 ms. Found 2 JPA repository interfaces.
2025-11-20 11:22:38 [main] INFO  o.s.b.w.e.tomcat.TomcatWebServer - Tomcat initialized with port 8082 (http)
2025-11-20 11:22:38 [main] INFO  o.a.catalina.core.StandardService - Starting service [Tomcat]
2025-11-20 11:22:38 [main] INFO  o.a.catalina.core.StandardEngine - Starting Servlet engine: [Apache Tomcat/10.1.48]
2025-11-20 11:22:38 [main] INFO  o.a.c.c.C.[Tomcat].[localhost].[/] - Initializing Spring embedded WebApplicationContext
2025-11-20 11:22:38 [main] INFO  o.s.b.w.s.c.ServletWebServerApplicationContext - Root WebApplicationContext: initialization completed in 942 ms
2025-11-20 11:22:38 [main] DEBUG c.e.w.security.JwtAuthFilter - Filter 'jwtAuthFilter' configured for use
2025-11-20 11:22:38 [main] INFO  o.h.jpa.internal.util.LogHelper - HHH000204: Processing PersistenceUnitInfo [name: default]
2025-11-20 11:22:38 [main] INFO  org.hibernate.Version - HHH000412: Hibernate ORM core version 6.6.33.Final
2025-11-20 11:22:38 [main] INFO  o.h.c.i.RegionFactoryInitiator - HHH000026: Second-level cache disabled
2025-11-20 11:22:38 [main] INFO  o.s.o.j.p.SpringPersistenceUnitInfo - No LoadTimeWeaver setup: ignoring JPA class transformer
2025-11-20 11:22:38 [main] INFO  com.zaxxer.hikari.HikariDataSource - HikariPool-1 - Starting...
2025-11-20 11:22:39 [main] INFO  com.zaxxer.hikari.pool.HikariPool - HikariPool-1 - Added connection com.mysql.cj.jdbc.ConnectionImpl@6f655dbd
2025-11-20 11:22:39 [main] INFO  com.zaxxer.hikari.HikariDataSource - HikariPool-1 - Start completed.
2025-11-20 11:22:39 [main] INFO  o.hibernate.orm.connections.pooling - HHH10001005: Database info:
	Database JDBC URL [Connecting through datasource 'HikariDataSource (HikariPool-1)']
	Database driver: undefined/unknown
	Database version: 9.4
	Autocommit mode: undefined/unknown
	Isolation level: undefined/unknown
	Minimum pool size: undefined/unknown
	Maximum pool size: undefined/unknown
2025-11-20 11:22:39 [main] INFO  o.h.e.t.j.p.i.JtaPlatformInitiator - HHH000489: No JTA platform available (set 'hibernate.transaction.jta.platform' to enable JTA platform integration)
2025-11-20 11:22:39 [main] INFO  o.s.o.j.LocalContainerEntityManagerFactoryBean - Initialized JPA EntityManagerFactory for persistence unit 'default'
2025-11-20 11:22:39 [main] INFO  o.s.d.j.r.query.QueryEnhancerFactory - Hibernate is in classpath; If applicable, HQL parser will be used.
2025-11-20 11:22:40 [main] WARN  o.s.b.w.s.c.AnnotationConfigServletWebServerApplicationContext - Exception encountered during context initialization - cancelling refresh attempt: org.springframework.beans.factory.UnsatisfiedDependencyException: Error creating bean with name 'walletAdminController' defined in file [/Users/shubhamkumar/Desktop/DigitalWalletSystem/wallet-service/build/classes/java/main/com/example/wallet_service/controller/admin/WalletAdminController.class]: Unsatisfied dependency expressed through constructor parameter 0: Error creating bean with name 'walletService' defined in file [/Users/shubhamkumar/Desktop/DigitalWalletSystem/wallet-service/build/classes/java/main/com/example/wallet_service/service/walletService/WalletService.class]: Unsatisfied dependency expressed through constructor parameter 3: Error creating bean with name 'transactionService' defined in file [/Users/shubhamkumar/Desktop/DigitalWalletSystem/wallet-service/build/classes/java/main/com/example/wallet_service/service/transactionService/TransactionService.class]: Unsatisfied dependency expressed through constructor parameter 3: Error creating bean with name 'walletService': Requested bean is currently in creation: Is there an unresolvable circular reference or an asynchronous initialization dependency?
2025-11-20 11:22:40 [main] INFO  o.s.o.j.LocalContainerEntityManagerFactoryBean - Closing JPA EntityManagerFactory for persistence unit 'default'
2025-11-20 11:22:40 [main] INFO  com.zaxxer.hikari.HikariDataSource - HikariPool-1 - Shutdown initiated...
2025-11-20 11:22:40 [main] INFO  com.zaxxer.hikari.HikariDataSource - HikariPool-1 - Shutdown completed.
2025-11-20 11:22:40 [main] INFO  o.a.catalina.core.StandardService - Stopping service [Tomcat]
2025-11-20 11:22:40 [main] INFO  o.s.b.a.l.ConditionEvaluationReportLogger - 

Error starting ApplicationContext. To display the condition evaluation report re-run your application with 'debug' enabled.
2025-11-20 11:22:40 [main] ERROR o.s.b.d.LoggingFailureAnalysisReporter - 

***************************
APPLICATION FAILED TO START
***************************

Description:

The dependencies of some of the beans in the application context form a cycle:

   walletAdminController defined in file [/Users/shubhamkumar/Desktop/DigitalWalletSystem/wallet-service/build/classes/java/main/com/example/wallet_service/controller/admin/WalletAdminController.class]
┌─────┐
|  walletService defined in file [/Users/shubhamkumar/Desktop/DigitalWalletSystem/wallet-service/build/classes/java/main/com/example/wallet_service/service/walletService/WalletService.class]
↑     ↓
|  transactionService defined in file [/Users/shubhamkumar/Desktop/DigitalWalletSystem/wallet-service/build/classes/java/main/com/example/wallet_service/service/transactionService/TransactionService.class]
└─────┘


Action:

Relying upon circular references is discouraged and they are prohibited by default. Update your application to remove the dependency cycle between beans. As a last resort, it may be possible to break the cycle automatically by setting spring.main.allow-circular-references to true.

2025-11-20 11:33:09 [main] INFO  c.e.w.WalletServiceApplication - Starting WalletServiceApplication using Java 21.0.8 with PID 52725 (/Users/shubhamkumar/Desktop/DigitalWalletSystem/wallet-service/build/classes/java/main started by shubhamkumar in /Users/shubhamkumar/Desktop/DigitalWalletSystem/wallet-service)
2025-11-20 11:33:09 [main] DEBUG c.e.w.WalletServiceApplication - Running with Spring Boot v3.5.7, Spring v6.2.12
2025-11-20 11:33:09 [main] INFO  c.e.w.WalletServiceApplication - No active profile set, falling back to 1 default profile: "default"
2025-11-20 11:33:09 [main] INFO  o.s.d.r.c.RepositoryConfigurationDelegate - Bootstrapping Spring Data JPA repositories in DEFAULT mode.
2025-11-20 11:33:09 [main] INFO  o.s.d.r.c.RepositoryConfigurationDelegate - Finished Spring Data repository scanning in 43 ms. Found 2 JPA repository interfaces.
2025-11-20 11:33:09 [main] INFO  o.s.b.w.e.tomcat.TomcatWebServer - Tomcat initialized with port 8082 (http)
2025-11-20 11:33:09 [main] INFO  o.a.catalina.core.StandardService - Starting service [Tomcat]
2025-11-20 11:33:09 [main] INFO  o.a.catalina.core.StandardEngine - Starting Servlet engine: [Apache Tomcat/10.1.48]
2025-11-20 11:33:09 [main] INFO  o.a.c.c.C.[Tomcat].[localhost].[/] - Initializing Spring embedded WebApplicationContext
2025-11-20 11:33:09 [main] INFO  o.s.b.w.s.c.ServletWebServerApplicationContext - Root WebApplicationContext: initialization completed in 894 ms
2025-11-20 11:33:10 [main] DEBUG c.e.w.security.JwtAuthFilter - Filter 'jwtAuthFilter' configured for use
2025-11-20 11:33:10 [main] INFO  o.h.jpa.internal.util.LogHelper - HHH000204: Processing PersistenceUnitInfo [name: default]
2025-11-20 11:33:10 [main] INFO  org.hibernate.Version - HHH000412: Hibernate ORM core version 6.6.33.Final
2025-11-20 11:33:10 [main] INFO  o.h.c.i.RegionFactoryInitiator - HHH000026: Second-level cache disabled
2025-11-20 11:33:10 [main] INFO  o.s.o.j.p.SpringPersistenceUnitInfo - No LoadTimeWeaver setup: ignoring JPA class transformer
2025-11-20 11:33:10 [main] INFO  com.zaxxer.hikari.HikariDataSource - HikariPool-1 - Starting...
2025-11-20 11:33:10 [main] INFO  com.zaxxer.hikari.pool.HikariPool - HikariPool-1 - Added connection com.mysql.cj.jdbc.ConnectionImpl@3a751535
2025-11-20 11:33:10 [main] INFO  com.zaxxer.hikari.HikariDataSource - HikariPool-1 - Start completed.
2025-11-20 11:33:10 [main] INFO  o.hibernate.orm.connections.pooling - HHH10001005: Database info:
	Database JDBC URL [Connecting through datasource 'HikariDataSource (HikariPool-1)']
	Database driver: undefined/unknown
	Database version: 9.4
	Autocommit mode: undefined/unknown
	Isolation level: undefined/unknown
	Minimum pool size: undefined/unknown
	Maximum pool size: undefined/unknown
2025-11-20 11:33:11 [main] INFO  o.h.e.t.j.p.i.JtaPlatformInitiator - HHH000489: No JTA platform available (set 'hibernate.transaction.jta.platform' to enable JTA platform integration)
2025-11-20 11:33:11 [main] INFO  o.s.o.j.LocalContainerEntityManagerFactoryBean - Initialized JPA EntityManagerFactory for persistence unit 'default'
2025-11-20 11:33:11 [main] INFO  o.s.d.j.r.query.QueryEnhancerFactory - Hibernate is in classpath; If applicable, HQL parser will be used.
2025-11-20 11:33:11 [main] WARN  o.s.b.w.s.c.AnnotationConfigServletWebServerApplicationContext - Exception encountered during context initialization - cancelling refresh attempt: org.springframework.beans.factory.UnsatisfiedDependencyException: Error creating bean with name 'walletAdminController' defined in file [/Users/shubhamkumar/Desktop/DigitalWalletSystem/wallet-service/build/classes/java/main/com/example/wallet_service/controller/admin/WalletAdminController.class]: Unsatisfied dependency expressed through constructor parameter 0: Error creating bean with name 'walletService' defined in file [/Users/shubhamkumar/Desktop/DigitalWalletSystem/wallet-service/build/classes/java/main/com/example/wallet_service/service/walletService/WalletService.class]: Unsatisfied dependency expressed through constructor parameter 3: Error creating bean with name 'transactionService' defined in file [/Users/shubhamkumar/Desktop/DigitalWalletSystem/wallet-service/build/classes/java/main/com/example/wallet_service/service/transactionService/TransactionService.class]: Unsatisfied dependency expressed through constructor parameter 2: Error creating bean with name 'walletService': Requested bean is currently in creation: Is there an unresolvable circular reference or an asynchronous initialization dependency?
2025-11-20 11:33:11 [main] INFO  o.s.o.j.LocalContainerEntityManagerFactoryBean - Closing JPA EntityManagerFactory for persistence unit 'default'
2025-11-20 11:33:11 [main] INFO  com.zaxxer.hikari.HikariDataSource - HikariPool-1 - Shutdown initiated...
2025-11-20 11:33:11 [main] INFO  com.zaxxer.hikari.HikariDataSource - HikariPool-1 - Shutdown completed.
2025-11-20 11:33:11 [main] INFO  o.a.catalina.core.StandardService - Stopping service [Tomcat]
2025-11-20 11:33:11 [main] INFO  o.s.b.a.l.ConditionEvaluationReportLogger - 

Error starting ApplicationContext. To display the condition evaluation report re-run your application with 'debug' enabled.
2025-11-20 11:33:11 [main] ERROR o.s.b.d.LoggingFailureAnalysisReporter - 

***************************
APPLICATION FAILED TO START
***************************

Description:

The dependencies of some of the beans in the application context form a cycle:

   walletAdminController defined in file [/Users/shubhamkumar/Desktop/DigitalWalletSystem/wallet-service/build/classes/java/main/com/example/wallet_service/controller/admin/WalletAdminController.class]
┌─────┐
|  walletService defined in file [/Users/shubhamkumar/Desktop/DigitalWalletSystem/wallet-service/build/classes/java/main/com/example/wallet_service/service/walletService/WalletService.class]
↑     ↓
|  transactionService defined in file [/Users/shubhamkumar/Desktop/DigitalWalletSystem/wallet-service/build/classes/java/main/com/example/wallet_service/service/transactionService/TransactionService.class]
└─────┘


Action:

Relying upon circular references is discouraged and they are prohibited by default. Update your application to remove the dependency cycle between beans. As a last resort, it may be possible to break the cycle automatically by setting spring.main.allow-circular-references to true.

2025-11-20 11:36:03 [main] INFO  c.e.w.WalletServiceApplication - Starting WalletServiceApplication using Java 21.0.8 with PID 52942 (/Users/shubhamkumar/Desktop/DigitalWalletSystem/wallet-service/build/classes/java/main started by shubhamkumar in /Users/shubhamkumar/Desktop/DigitalWalletSystem/wallet-service)
2025-11-20 11:36:03 [main] DEBUG c.e.w.WalletServiceApplication - Running with Spring Boot v3.5.7, Spring v6.2.12
2025-11-20 11:36:03 [main] INFO  c.e.w.WalletServiceApplication - No active profile set, falling back to 1 default profile: "default"
2025-11-20 11:36:03 [main] INFO  o.s.d.r.c.RepositoryConfigurationDelegate - Bootstrapping Spring Data JPA repositories in DEFAULT mode.
2025-11-20 11:36:03 [main] INFO  o.s.d.r.c.RepositoryConfigurationDelegate - Finished Spring Data repository scanning in 37 ms. Found 2 JPA repository interfaces.
2025-11-20 11:36:03 [main] INFO  o.s.b.w.e.tomcat.TomcatWebServer - Tomcat initialized with port 8082 (http)
2025-11-20 11:36:03 [main] INFO  o.a.catalina.core.StandardService - Starting service [Tomcat]
2025-11-20 11:36:03 [main] INFO  o.a.catalina.core.StandardEngine - Starting Servlet engine: [Apache Tomcat/10.1.48]
2025-11-20 11:36:03 [main] INFO  o.a.c.c.C.[Tomcat].[localhost].[/] - Initializing Spring embedded WebApplicationContext
2025-11-20 11:36:03 [main] INFO  o.s.b.w.s.c.ServletWebServerApplicationContext - Root WebApplicationContext: initialization completed in 743 ms
2025-11-20 11:36:03 [main] DEBUG c.e.w.security.JwtAuthFilter - Filter 'jwtAuthFilter' configured for use
2025-11-20 11:36:04 [main] INFO  o.h.jpa.internal.util.LogHelper - HHH000204: Processing PersistenceUnitInfo [name: default]
2025-11-20 11:36:04 [main] INFO  org.hibernate.Version - HHH000412: Hibernate ORM core version 6.6.33.Final
2025-11-20 11:36:04 [main] INFO  o.h.c.i.RegionFactoryInitiator - HHH000026: Second-level cache disabled
2025-11-20 11:36:04 [main] INFO  o.s.o.j.p.SpringPersistenceUnitInfo - No LoadTimeWeaver setup: ignoring JPA class transformer
2025-11-20 11:36:04 [main] INFO  com.zaxxer.hikari.HikariDataSource - HikariPool-1 - Starting...
2025-11-20 11:36:04 [main] INFO  com.zaxxer.hikari.pool.HikariPool - HikariPool-1 - Added connection com.mysql.cj.jdbc.ConnectionImpl@174e1b99
2025-11-20 11:36:04 [main] INFO  com.zaxxer.hikari.HikariDataSource - HikariPool-1 - Start completed.
2025-11-20 11:36:04 [main] INFO  o.hibernate.orm.connections.pooling - HHH10001005: Database info:
	Database JDBC URL [Connecting through datasource 'HikariDataSource (HikariPool-1)']
	Database driver: undefined/unknown
	Database version: 9.4
	Autocommit mode: undefined/unknown
	Isolation level: undefined/unknown
	Minimum pool size: undefined/unknown
	Maximum pool size: undefined/unknown
2025-11-20 11:36:04 [main] INFO  o.h.e.t.j.p.i.JtaPlatformInitiator - HHH000489: No JTA platform available (set 'hibernate.transaction.jta.platform' to enable JTA platform integration)
2025-11-20 11:36:04 [main] INFO  o.s.o.j.LocalContainerEntityManagerFactoryBean - Initialized JPA EntityManagerFactory for persistence unit 'default'
2025-11-20 11:36:05 [main] INFO  o.s.d.j.r.query.QueryEnhancerFactory - Hibernate is in classpath; If applicable, HQL parser will be used.
2025-11-20 11:36:05 [main] WARN  o.s.b.a.o.j.JpaBaseConfiguration$JpaWebConfiguration - spring.jpa.open-in-view is enabled by default. Therefore, database queries may be performed during view rendering. Explicitly configure spring.jpa.open-in-view to disable this warning
2025-11-20 11:36:05 [main] WARN  o.s.b.a.s.s.UserDetailsServiceAutoConfiguration - 

Using generated security password: 38e8f1ef-5167-40b9-a17e-6a659bf369bc

This generated password is for development use only. Your security configuration must be updated before running your application in production.

2025-11-20 11:36:05 [main] INFO  o.s.s.c.a.a.c.InitializeUserDetailsBeanManagerConfigurer$InitializeUserDetailsManagerConfigurer - Global AuthenticationManager configured with UserDetailsService bean with name inMemoryUserDetailsManager
2025-11-20 11:36:06 [main] INFO  o.s.b.w.e.tomcat.TomcatWebServer - Tomcat started on port 8082 (http) with context path '/'
2025-11-20 11:36:06 [main] INFO  c.e.w.WalletServiceApplication - Started WalletServiceApplication in 3.251 seconds (process running for 3.439)
